This is pdfTeX, Version 3.1415926-2.4-1.40.13 (MiKTeX 2.9 64-bit) (preloaded format=pdflatex 2013.10.17)  7 NOV 2014 14:49
entering extended mode
**D:/LaTex*Files/TSP/proposal.tex
("D:/LaTex Files/TSP/proposal.tex"
LaTeX2e <2011/06/27>
Babel <v3.8m> and hyphenation patterns for english, afrikaans, ancientgreek, ar
abic, armenian, assamese, basque, bengali, bokmal, bulgarian, catalan, coptic, 
croatian, czech, danish, dutch, esperanto, estonian, farsi, finnish, french, ga
lician, german, german-x-2012-05-30, greek, gujarati, hindi, hungarian, iceland
ic, indonesian, interlingua, irish, italian, kannada, kurmanji, latin, latvian,
 lithuanian, malayalam, marathi, mongolian, mongolianlmc, monogreek, ngerman, n
german-x-2012-05-30, nynorsk, oriya, panjabi, pinyin, polish, portuguese, roman
ian, russian, sanskrit, serbian, slovak, slovenian, spanish, swedish, swissgerm
an, tamil, telugu, turkish, turkmen, ukenglish, ukrainian, uppersorbian, usengl
ishmax, welsh, loaded.
("D:\MiKTeX 2.9\tex\latex\base\article.cls"
Document Class: article 2007/10/19 v1.4h Standard LaTeX document class
("D:\MiKTeX 2.9\tex\latex\base\size12.clo"
File: size12.clo 2007/10/19 v1.4h Standard LaTeX file (size option)
)
\c@part=\count79
\c@section=\count80
\c@subsection=\count81
\c@subsubsection=\count82
\c@paragraph=\count83
\c@subparagraph=\count84
\c@figure=\count85
\c@table=\count86
\abovecaptionskip=\skip41
\belowcaptionskip=\skip42
\bibindent=\dimen102
)
("D:\MiKTeX 2.9\tex\latex\base\latexsym.sty"
Package: latexsym 1998/08/17 v2.2e Standard LaTeX package (lasy symbols)
\symlasy=\mathgroup4
LaTeX Font Info:    Overwriting symbol font `lasy' in version `bold'
(Font)                  U/lasy/m/n --> U/lasy/b/n on input line 47.
)
("D:\MiKTeX 2.9\tex\latex\ltxmisc\url.sty"
\Urlmuskip=\muskip10
Package: url 2006/04/12  ver 3.3  Verb mode for urls, etc.
)
("D:\MiKTeX 2.9\tex\latex\float\float.sty"
Package: float 2001/11/08 v1.3d Float enhancements (AL)
\c@float@type=\count87
\float@exts=\toks14
\float@box=\box26
\@float@everytoks=\toks15
\@floatcapt=\box27
)
("D:\MiKTeX 2.9\tex\latex\amsmath\amsmath.sty"
Package: amsmath 2013/01/14 v2.14 AMS math features
\@mathmargin=\skip43

For additional information on amsmath, use the `?' option.
("D:\MiKTeX 2.9\tex\latex\amsmath\amstext.sty"
Package: amstext 2000/06/29 v2.01

("D:\MiKTeX 2.9\tex\latex\amsmath\amsgen.sty"
File: amsgen.sty 1999/11/30 v2.0
\@emptytoks=\toks16
\ex@=\dimen103
))
("D:\MiKTeX 2.9\tex\latex\amsmath\amsbsy.sty"
Package: amsbsy 1999/11/29 v1.2d
\pmbraise@=\dimen104
)
("D:\MiKTeX 2.9\tex\latex\amsmath\amsopn.sty"
Package: amsopn 1999/12/14 v2.01 operator names
)
\inf@bad=\count88
LaTeX Info: Redefining \frac on input line 210.
\uproot@=\count89
\leftroot@=\count90
LaTeX Info: Redefining \overline on input line 306.
\classnum@=\count91
\DOTSCASE@=\count92
LaTeX Info: Redefining \ldots on input line 378.
LaTeX Info: Redefining \dots on input line 381.
LaTeX Info: Redefining \cdots on input line 466.
\Mathstrutbox@=\box28
\strutbox@=\box29
\big@size=\dimen105
LaTeX Font Info:    Redeclaring font encoding OML on input line 566.
LaTeX Font Info:    Redeclaring font encoding OMS on input line 567.
\macc@depth=\count93
\c@MaxMatrixCols=\count94
\dotsspace@=\muskip11
\c@parentequation=\count95
\dspbrk@lvl=\count96
\tag@help=\toks17
\row@=\count97
\column@=\count98
\maxfields@=\count99
\andhelp@=\toks18
\eqnshift@=\dimen106
\alignsep@=\dimen107
\tagshift@=\dimen108
\tagwidth@=\dimen109
\totwidth@=\dimen110
\lineht@=\dimen111
\@envbody=\toks19
\multlinegap=\skip44
\multlinetaggap=\skip45
\mathdisplay@stack=\toks20
LaTeX Info: Redefining \[ on input line 2665.
LaTeX Info: Redefining \] on input line 2666.
)
("D:\MiKTeX 2.9\tex\latex\geometry\geometry.sty"
Package: geometry 2010/09/12 v5.6 Page Geometry

("D:\MiKTeX 2.9\tex\latex\graphics\keyval.sty"
Package: keyval 1999/03/16 v1.13 key=value parser (DPC)
\KV@toks@=\toks21
)
("D:\MiKTeX 2.9\tex\generic\oberdiek\ifpdf.sty"
Package: ifpdf 2011/01/30 v2.3 Provides the ifpdf switch (HO)
Package ifpdf Info: pdfTeX in PDF mode is detected.
)
("D:\MiKTeX 2.9\tex\generic\oberdiek\ifvtex.sty"
Package: ifvtex 2010/03/01 v1.5 Detect VTeX and its facilities (HO)
Package ifvtex Info: VTeX not detected.
)
("D:\MiKTeX 2.9\tex\generic\ifxetex\ifxetex.sty"
Package: ifxetex 2010/09/12 v0.6 Provides ifxetex conditional
)
\Gm@cnth=\count100
\Gm@cntv=\count101
\c@Gm@tempcnt=\count102
\Gm@bindingoffset=\dimen112
\Gm@wd@mp=\dimen113
\Gm@odd@mp=\dimen114
\Gm@even@mp=\dimen115
\Gm@layoutwidth=\dimen116
\Gm@layoutheight=\dimen117
\Gm@layouthoffset=\dimen118
\Gm@layoutvoffset=\dimen119
\Gm@dimlist=\toks22

("D:\MiKTeX 2.9\tex\latex\geometry\geometry.cfg"))
("D:\MiKTeX 2.9\tex\latex\subfig\subfig.sty"
Package: subfig 2005/06/28 ver: 1.3 subfig package

("D:\MiKTeX 2.9\tex\latex\caption\caption.sty"
Package: caption 2013/05/02 v3.3-89 Customizing captions (AR)

("D:\MiKTeX 2.9\tex\latex\caption\caption3.sty"
Package: caption3 2013/05/02 v1.6-88 caption3 kernel (AR)
Package caption3 Info: TeX engine: e-TeX on input line 57.
\captionmargin=\dimen120
\captionmargin@=\dimen121
\captionwidth=\dimen122
\caption@tempdima=\dimen123
\caption@indent=\dimen124
\caption@parindent=\dimen125
\caption@hangindent=\dimen126
)
\c@ContinuedFloat=\count103
Package caption Info: float package is loaded.
)
\c@KVtest=\count104
\sf@farskip=\skip46
\sf@captopadj=\dimen127
\sf@capskip=\skip47
\sf@nearskip=\skip48
\c@subfigure=\count105
\c@subfigure@save=\count106
\c@lofdepth=\count107
\c@subtable=\count108
\c@subtable@save=\count109
\c@lotdepth=\count110
\sf@top=\skip49
\sf@bottom=\skip50
)
("D:\MiKTeX 2.9\tex\latex\fancyhdr\fancyhdr.sty"
\fancy@headwidth=\skip51
\f@ncyO@elh=\skip52
\f@ncyO@erh=\skip53
\f@ncyO@olh=\skip54
\f@ncyO@orh=\skip55
\f@ncyO@elf=\skip56
\f@ncyO@erf=\skip57
\f@ncyO@olf=\skip58
\f@ncyO@orf=\skip59
)
("D:\MiKTeX 2.9\tex\latex\tools\longtable.sty"
Package: longtable 2004/02/01 v4.11 Multi-page Table package (DPC)
\LTleft=\skip60
\LTright=\skip61
\LTpre=\skip62
\LTpost=\skip63
\LTchunksize=\count111
\LTcapwidth=\dimen128
\LT@head=\box30
\LT@firsthead=\box31
\LT@foot=\box32
\LT@lastfoot=\box33
\LT@cols=\count112
\LT@rows=\count113
\c@LT@tables=\count114
\c@LT@chunks=\count115
\LT@p@ftn=\toks23
)
("D:\MiKTeX 2.9\tex\latex\leftidx\leftidx.sty"
Package: leftidx 2003/09/24 v1.03 Left indices
)
("D:\MiKTeX 2.9\tex\latex\graphics\graphicx.sty"
Package: graphicx 1999/02/16 v1.0f Enhanced LaTeX Graphics (DPC,SPQR)

("D:\MiKTeX 2.9\tex\latex\graphics\graphics.sty"
Package: graphics 2009/02/05 v1.0o Standard LaTeX Graphics (DPC,SPQR)

("D:\MiKTeX 2.9\tex\latex\graphics\trig.sty"
Package: trig 1999/03/16 v1.09 sin cos tan (DPC)
)
("D:\MiKTeX 2.9\tex\latex\00miktex\graphics.cfg"
File: graphics.cfg 2007/01/18 v1.5 graphics configuration of teTeX/TeXLive
)
Package graphics Info: Driver file: pdftex.def on input line 91.

("D:\MiKTeX 2.9\tex\latex\pdftex-def\pdftex.def"
File: pdftex.def 2011/05/27 v0.06d Graphics/color for pdfTeX

("D:\MiKTeX 2.9\tex\generic\oberdiek\infwarerr.sty"
Package: infwarerr 2010/04/08 v1.3 Providing info/warning/error messages (HO)
)
("D:\MiKTeX 2.9\tex\generic\oberdiek\ltxcmds.sty"
Package: ltxcmds 2011/11/09 v1.22 LaTeX kernel commands for general use (HO)
)
\Gread@gobject=\count116
))
\Gin@req@height=\dimen129
\Gin@req@width=\dimen130
)
("D:\MiKTeX 2.9\tex\latex\oberdiek\epstopdf.sty"
Package: epstopdf 2010/02/09 v2.5 Conversion with epstopdf on the fly (HO)

("D:\MiKTeX 2.9\tex\latex\oberdiek\epstopdf-base.sty"
Package: epstopdf-base 2010/02/09 v2.5 Base part for package epstopdf

("D:\MiKTeX 2.9\tex\latex\oberdiek\grfext.sty"
Package: grfext 2010/08/19 v1.1 Manage graphics extensions (HO)

("D:\MiKTeX 2.9\tex\generic\oberdiek\kvdefinekeys.sty"
Package: kvdefinekeys 2011/04/07 v1.3 Define keys (HO)
))
("D:\MiKTeX 2.9\tex\latex\oberdiek\kvoptions.sty"
Package: kvoptions 2011/06/30 v3.11 Key value format for package options (HO)

("D:\MiKTeX 2.9\tex\generic\oberdiek\kvsetkeys.sty"
Package: kvsetkeys 2012/04/25 v1.16 Key value parser (HO)

("D:\MiKTeX 2.9\tex\generic\oberdiek\etexcmds.sty"
Package: etexcmds 2011/02/16 v1.5 Avoid name clashes with e-TeX commands (HO)

("D:\MiKTeX 2.9\tex\generic\oberdiek\ifluatex.sty"
Package: ifluatex 2010/03/01 v1.3 Provides the ifluatex switch (HO)
Package ifluatex Info: LuaTeX not detected.
)
Package etexcmds Info: Could not find \expanded.
(etexcmds)             That can mean that you are not using pdfTeX 1.50 or
(etexcmds)             that some package has redefined \expanded.
(etexcmds)             In the latter case, load this package earlier.
)))
("D:\MiKTeX 2.9\tex\generic\oberdiek\pdftexcmds.sty"
Package: pdftexcmds 2011/11/29 v0.20 Utility functions of pdfTeX for LuaTeX (HO
)
Package pdftexcmds Info: LuaTeX not detected.
Package pdftexcmds Info: \pdf@primitive is available.
Package pdftexcmds Info: \pdf@ifprimitive is available.
Package pdftexcmds Info: \pdfdraftmode found.
)
Package grfext Info: Graphics extension search list:
(grfext)             [.png,.pdf,.jpg,.mps,.jpeg,.jbig2,.jb2,.PNG,.PDF,.JPG,.JPE
G,.JBIG2,.JB2,.eps]
(grfext)             \AppendGraphicsExtensions on input line 452.
))
("D:\MiKTeX 2.9\tex\latex\pgf\frontendlayer\tikz.sty"
("D:\MiKTeX 2.9\tex\latex\pgf\basiclayer\pgf.sty"
("D:\MiKTeX 2.9\tex\latex\pgf\utilities\pgfrcs.sty"
("D:\MiKTeX 2.9\tex\generic\pgf\utilities\pgfutil-common.tex"
\pgfutil@everybye=\toks24
)
("D:\MiKTeX 2.9\tex\generic\pgf\utilities\pgfutil-latex.def"
\pgfutil@abb=\box34

("D:\MiKTeX 2.9\tex\latex\ms\everyshi.sty"
Package: everyshi 2001/05/15 v3.00 EveryShipout Package (MS)
))
("D:\MiKTeX 2.9\tex\generic\pgf\utilities\pgfrcs.code.tex"
Package: pgfrcs 2010/10/25 v2.10 (rcs-revision 1.24)
))
Package: pgf 2008/01/15 v2.10 (rcs-revision 1.12)

("D:\MiKTeX 2.9\tex\latex\pgf\basiclayer\pgfcore.sty"
("D:\MiKTeX 2.9\tex\latex\pgf\systemlayer\pgfsys.sty"
("D:\MiKTeX 2.9\tex\generic\pgf\systemlayer\pgfsys.code.tex"
Package: pgfsys 2010/06/30 v2.10 (rcs-revision 1.37)

("D:\MiKTeX 2.9\tex\generic\pgf\utilities\pgfkeys.code.tex"
\pgfkeys@pathtoks=\toks25
\pgfkeys@temptoks=\toks26

("D:\MiKTeX 2.9\tex\generic\pgf\utilities\pgfkeysfiltered.code.tex"
\pgfkeys@tmptoks=\toks27
))
\pgf@x=\dimen131
\pgf@y=\dimen132
\pgf@xa=\dimen133
\pgf@ya=\dimen134
\pgf@xb=\dimen135
\pgf@yb=\dimen136
\pgf@xc=\dimen137
\pgf@yc=\dimen138
\w@pgf@writea=\write3
\r@pgf@reada=\read1
\c@pgf@counta=\count117
\c@pgf@countb=\count118
\c@pgf@countc=\count119
\c@pgf@countd=\count120

("D:\MiKTeX 2.9\tex\generic\pgf\systemlayer\pgf.cfg"
File: pgf.cfg 2008/05/14  (rcs-revision 1.7)
)
Package pgfsys Info: Driver file for pgf: pgfsys-pdftex.def on input line 900.

("D:\MiKTeX 2.9\tex\generic\pgf\systemlayer\pgfsys-pdftex.def"
File: pgfsys-pdftex.def 2009/05/22  (rcs-revision 1.26)

("D:\MiKTeX 2.9\tex\generic\pgf\systemlayer\pgfsys-common-pdf.def"
File: pgfsys-common-pdf.def 2008/05/19  (rcs-revision 1.10)
)))
("D:\MiKTeX 2.9\tex\generic\pgf\systemlayer\pgfsyssoftpath.code.tex"
File: pgfsyssoftpath.code.tex 2008/07/18  (rcs-revision 1.7)
\pgfsyssoftpath@smallbuffer@items=\count121
\pgfsyssoftpath@bigbuffer@items=\count122
)
("D:\MiKTeX 2.9\tex\generic\pgf\systemlayer\pgfsysprotocol.code.tex"
File: pgfsysprotocol.code.tex 2006/10/16  (rcs-revision 1.4)
))
("D:\MiKTeX 2.9\tex\latex\xcolor\xcolor.sty"
Package: xcolor 2007/01/21 v2.11 LaTeX color extensions (UK)

("D:\MiKTeX 2.9\tex\latex\00miktex\color.cfg"
File: color.cfg 2007/01/18 v1.5 color configuration of teTeX/TeXLive
)
Package xcolor Info: Driver file: pdftex.def on input line 225.
Package xcolor Info: Model `cmy' substituted by `cmy0' on input line 1337.
Package xcolor Info: Model `hsb' substituted by `rgb' on input line 1341.
Package xcolor Info: Model `RGB' extended on input line 1353.
Package xcolor Info: Model `HTML' substituted by `rgb' on input line 1355.
Package xcolor Info: Model `Hsb' substituted by `hsb' on input line 1356.
Package xcolor Info: Model `tHsb' substituted by `hsb' on input line 1357.
Package xcolor Info: Model `HSB' substituted by `hsb' on input line 1358.
Package xcolor Info: Model `Gray' substituted by `gray' on input line 1359.
Package xcolor Info: Model `wave' substituted by `hsb' on input line 1360.
)
("D:\MiKTeX 2.9\tex\generic\pgf\basiclayer\pgfcore.code.tex"
Package: pgfcore 2010/04/11 v2.10 (rcs-revision 1.7)

("D:\MiKTeX 2.9\tex\generic\pgf\math\pgfmath.code.tex"
("D:\MiKTeX 2.9\tex\generic\pgf\math\pgfmathcalc.code.tex"
("D:\MiKTeX 2.9\tex\generic\pgf\math\pgfmathutil.code.tex")
("D:\MiKTeX 2.9\tex\generic\pgf\math\pgfmathparser.code.tex"
\pgfmath@dimen=\dimen139
\pgfmath@count=\count123
\pgfmath@box=\box35
\pgfmath@toks=\toks28
\pgfmath@stack@operand=\toks29
\pgfmath@stack@operation=\toks30
)
("D:\MiKTeX 2.9\tex\generic\pgf\math\pgfmathfunctions.code.tex"
("D:\MiKTeX 2.9\tex\generic\pgf\math\pgfmathfunctions.basic.code.tex")
("D:\MiKTeX 2.9\tex\generic\pgf\math\pgfmathfunctions.trigonometric.code.tex")
("D:\MiKTeX 2.9\tex\generic\pgf\math\pgfmathfunctions.random.code.tex")
("D:\MiKTeX 2.9\tex\generic\pgf\math\pgfmathfunctions.comparison.code.tex")
("D:\MiKTeX 2.9\tex\generic\pgf\math\pgfmathfunctions.base.code.tex")
("D:\MiKTeX 2.9\tex\generic\pgf\math\pgfmathfunctions.round.code.tex")
("D:\MiKTeX 2.9\tex\generic\pgf\math\pgfmathfunctions.misc.code.tex")))
("D:\MiKTeX 2.9\tex\generic\pgf\math\pgfmathfloat.code.tex"
\c@pgfmathroundto@lastzeros=\count124
))
("D:\MiKTeX 2.9\tex\generic\pgf\basiclayer\pgfcorepoints.code.tex"
File: pgfcorepoints.code.tex 2010/04/09  (rcs-revision 1.20)
\pgf@picminx=\dimen140
\pgf@picmaxx=\dimen141
\pgf@picminy=\dimen142
\pgf@picmaxy=\dimen143
\pgf@pathminx=\dimen144
\pgf@pathmaxx=\dimen145
\pgf@pathminy=\dimen146
\pgf@pathmaxy=\dimen147
\pgf@xx=\dimen148
\pgf@xy=\dimen149
\pgf@yx=\dimen150
\pgf@yy=\dimen151
\pgf@zx=\dimen152
\pgf@zy=\dimen153
)
("D:\MiKTeX 2.9\tex\generic\pgf\basiclayer\pgfcorepathconstruct.code.tex"
File: pgfcorepathconstruct.code.tex 2010/08/03  (rcs-revision 1.24)
\pgf@path@lastx=\dimen154
\pgf@path@lasty=\dimen155
)
("D:\MiKTeX 2.9\tex\generic\pgf\basiclayer\pgfcorepathusage.code.tex"
File: pgfcorepathusage.code.tex 2008/04/22  (rcs-revision 1.12)
\pgf@shorten@end@additional=\dimen156
\pgf@shorten@start@additional=\dimen157
)
("D:\MiKTeX 2.9\tex\generic\pgf\basiclayer\pgfcorescopes.code.tex"
File: pgfcorescopes.code.tex 2010/09/08  (rcs-revision 1.34)
\pgfpic=\box36
\pgf@hbox=\box37
\pgf@layerbox@main=\box38
\pgf@picture@serial@count=\count125
)
("D:\MiKTeX 2.9\tex\generic\pgf\basiclayer\pgfcoregraphicstate.code.tex"
File: pgfcoregraphicstate.code.tex 2008/04/22  (rcs-revision 1.9)
\pgflinewidth=\dimen158
)
("D:\MiKTeX 2.9\tex\generic\pgf\basiclayer\pgfcoretransformations.code.tex"
File: pgfcoretransformations.code.tex 2009/06/10  (rcs-revision 1.11)
\pgf@pt@x=\dimen159
\pgf@pt@y=\dimen160
\pgf@pt@temp=\dimen161
)
("D:\MiKTeX 2.9\tex\generic\pgf\basiclayer\pgfcorequick.code.tex"
File: pgfcorequick.code.tex 2008/10/09  (rcs-revision 1.3)
)
("D:\MiKTeX 2.9\tex\generic\pgf\basiclayer\pgfcoreobjects.code.tex"
File: pgfcoreobjects.code.tex 2006/10/11  (rcs-revision 1.2)
)
("D:\MiKTeX 2.9\tex\generic\pgf\basiclayer\pgfcorepathprocessing.code.tex"
File: pgfcorepathprocessing.code.tex 2008/10/09  (rcs-revision 1.8)
)
("D:\MiKTeX 2.9\tex\generic\pgf\basiclayer\pgfcorearrows.code.tex"
File: pgfcorearrows.code.tex 2008/04/23  (rcs-revision 1.11)
)
("D:\MiKTeX 2.9\tex\generic\pgf\basiclayer\pgfcoreshade.code.tex"
File: pgfcoreshade.code.tex 2008/11/23  (rcs-revision 1.13)
\pgf@max=\dimen162
\pgf@sys@shading@range@num=\count126
)
("D:\MiKTeX 2.9\tex\generic\pgf\basiclayer\pgfcoreimage.code.tex"
File: pgfcoreimage.code.tex 2010/03/25  (rcs-revision 1.16)

("D:\MiKTeX 2.9\tex\generic\pgf\basiclayer\pgfcoreexternal.code.tex"
File: pgfcoreexternal.code.tex 2010/09/01  (rcs-revision 1.17)
\pgfexternal@startupbox=\box39
))
("D:\MiKTeX 2.9\tex\generic\pgf\basiclayer\pgfcorelayers.code.tex"
File: pgfcorelayers.code.tex 2010/08/27  (rcs-revision 1.2)
)
("D:\MiKTeX 2.9\tex\generic\pgf\basiclayer\pgfcoretransparency.code.tex"
File: pgfcoretransparency.code.tex 2008/01/17  (rcs-revision 1.2)
)
("D:\MiKTeX 2.9\tex\generic\pgf\basiclayer\pgfcorepatterns.code.tex"
File: pgfcorepatterns.code.tex 2009/07/02  (rcs-revision 1.3)
)))
("D:\MiKTeX 2.9\tex\generic\pgf\modules\pgfmoduleshapes.code.tex"
File: pgfmoduleshapes.code.tex 2010/09/09  (rcs-revision 1.13)
\pgfnodeparttextbox=\box40
)
("D:\MiKTeX 2.9\tex\generic\pgf\modules\pgfmoduleplot.code.tex"
File: pgfmoduleplot.code.tex 2010/10/22  (rcs-revision 1.8)
)
("D:\MiKTeX 2.9\tex\latex\pgf\compatibility\pgfcomp-version-0-65.sty"
Package: pgfcomp-version-0-65 2007/07/03 v2.10 (rcs-revision 1.7)
\pgf@nodesepstart=\dimen163
\pgf@nodesepend=\dimen164
)
("D:\MiKTeX 2.9\tex\latex\pgf\compatibility\pgfcomp-version-1-18.sty"
Package: pgfcomp-version-1-18 2007/07/23 v2.10 (rcs-revision 1.1)
))
("D:\MiKTeX 2.9\tex\latex\pgf\utilities\pgffor.sty"
("D:\MiKTeX 2.9\tex\latex\pgf\utilities\pgfkeys.sty"
("D:\MiKTeX 2.9\tex\generic\pgf\utilities\pgfkeys.code.tex"))
("D:\MiKTeX 2.9\tex\generic\pgf\utilities\pgffor.code.tex"
Package: pgffor 2010/03/23 v2.10 (rcs-revision 1.18)
\pgffor@iter=\dimen165
\pgffor@skip=\dimen166
\pgffor@stack=\toks31
\pgffor@toks=\toks32
))
("D:\MiKTeX 2.9\tex\generic\pgf\frontendlayer\tikz\tikz.code.tex"
Package: tikz 2010/10/13 v2.10 (rcs-revision 1.76)

("D:\MiKTeX 2.9\tex\generic\pgf\libraries\pgflibraryplothandlers.code.tex"
File: pgflibraryplothandlers.code.tex 2010/05/31 v2.10 (rcs-revision 1.15)
\pgf@plot@mark@count=\count127
\pgfplotmarksize=\dimen167
)
\tikz@lastx=\dimen168
\tikz@lasty=\dimen169
\tikz@lastxsaved=\dimen170
\tikz@lastysaved=\dimen171
\tikzleveldistance=\dimen172
\tikzsiblingdistance=\dimen173
\tikz@figbox=\box41
\tikz@tempbox=\box42
\tikztreelevel=\count128
\tikznumberofchildren=\count129
\tikznumberofcurrentchild=\count130
\tikz@fig@count=\count131

("D:\MiKTeX 2.9\tex\generic\pgf\modules\pgfmodulematrix.code.tex"
File: pgfmodulematrix.code.tex 2010/08/24  (rcs-revision 1.4)
\pgfmatrixcurrentrow=\count132
\pgfmatrixcurrentcolumn=\count133
\pgf@matrix@numberofcolumns=\count134
)
\tikz@expandcount=\count135

("D:\MiKTeX 2.9\tex\generic\pgf\frontendlayer\tikz\libraries\tikzlibrarytopaths
.code.tex"
File: tikzlibrarytopaths.code.tex 2008/06/17 v2.10 (rcs-revision 1.2)
))) ("D:\MiKTeX 2.9\tex\latex\base\ifthen.sty"
Package: ifthen 2001/05/26 v1.1c Standard LaTeX ifthen package (DPC)
)
("D:\LaTex Files\TSP\proposal.aux")
LaTeX Font Info:    Checking defaults for OML/cmm/m/it on input line 29.
LaTeX Font Info:    ... okay on input line 29.
LaTeX Font Info:    Checking defaults for T1/cmr/m/n on input line 29.
LaTeX Font Info:    ... okay on input line 29.
LaTeX Font Info:    Checking defaults for OT1/cmr/m/n on input line 29.
LaTeX Font Info:    ... okay on input line 29.
LaTeX Font Info:    Checking defaults for OMS/cmsy/m/n on input line 29.
LaTeX Font Info:    ... okay on input line 29.
LaTeX Font Info:    Checking defaults for OMX/cmex/m/n on input line 29.
LaTeX Font Info:    ... okay on input line 29.
LaTeX Font Info:    Checking defaults for U/cmr/m/n on input line 29.
LaTeX Font Info:    ... okay on input line 29.

*geometry* driver: auto-detecting
*geometry* detected driver: pdftex
*geometry* verbose mode - [ preamble ] result:
* driver: pdftex
* paper: <default>
* layout: <same size as paper>
* layoutoffset:(h,v)=(0.0pt,0.0pt)
* modes: 
* h-part:(L,W,R)=(56.9055pt, 500.484pt, 56.9055pt)
* v-part:(T,H,B)=(56.9055pt, 681.15898pt, 56.9055pt)
* \paperwidth=614.295pt
* \paperheight=794.96999pt
* \textwidth=500.484pt
* \textheight=681.15898pt
* \oddsidemargin=-15.36449pt
* \evensidemargin=-15.36449pt
* \topmargin=-52.36449pt
* \headheight=12.0pt
* \headsep=25.0pt
* \topskip=12.0pt
* \footskip=30.0pt
* \marginparwidth=44.0pt
* \marginparsep=10.0pt
* \columnsep=10.0pt
* \skip\footins=10.8pt plus 4.0pt minus 2.0pt
* \hoffset=0.0pt
* \voffset=0.0pt
* \mag=1000
* \@twocolumnfalse
* \@twosidefalse
* \@mparswitchfalse
* \@reversemarginfalse
* (1in=72.27pt=25.4mm, 1cm=28.453pt)

Package caption Info: Begin \AtBeginDocument code.
Package caption Info: subfig package v1.3 is loaded.
Package caption Info: longtable package is loaded.
("D:\MiKTeX 2.9\tex\latex\caption\ltcaption.sty"
Package: ltcaption 2013/02/03 v1.3-62 longtable captions (AR)
)
Package caption Info: End \AtBeginDocument code.

("D:\MiKTeX 2.9\tex\context\base\supp-pdf.mkii"
[Loading MPS to PDF converter (version 2006.09.02).]
\scratchcounter=\count136
\scratchdimen=\dimen174
\scratchbox=\box43
\nofMPsegments=\count137
\nofMParguments=\count138
\everyMPshowfont=\toks33
\MPscratchCnt=\count139
\MPscratchDim=\dimen175
\MPnumerator=\count140
\makeMPintoPDFobject=\count141
\everyMPtoPDFconversion=\toks34
) ABD: EveryShipout initializing macros
LaTeX Font Info:    Try loading font information for U+lasy on input line 30.
 ("D:\MiKTeX 2.9\tex\latex\base\ulasy.fd"
File: ulasy.fd 1998/08/17 v2.2e LaTeX symbol font definitions
) ("D:\LaTex Files\TSP\proposal.toc")
\tf@toc=\write4
 [1

{C:/ProgramData/MiKTeX/2.9/pdftex/config/pdftex.map}] ("D:\LaTex Files\TSP\intr
o.tex"
LaTeX Font Info:    Try loading font information for OMS+cmr on input line 8.

("D:\MiKTeX 2.9\tex\latex\base\omscmr.fd"
File: omscmr.fd 1999/05/25 v2.5h Standard LaTeX font definitions
)
LaTeX Font Info:    Font shape `OMS/cmr/m/n' in size <12> not available
(Font)              Font shape `OMS/cmsy/m/n' tried instead on input line 8.
 [2]
<fig/sys.png, id=17, 630.10406pt x 245.41687pt>
File: fig/sys.png Graphic file (type png)
 <use fig/sys.png>
Package pdftex.def Info: fig/sys.png used on input line 21.
(pdftex.def)             Requested size: 433.62pt x 168.88844pt.
 [3 <D:/LaTex Files/TSP/fig/sys.png>]) ("D:\LaTex Files\TSP\kbased.tex"
Missing character: There is no ï in font cmr12!
Missing character: There is no » in font cmr12!
Missing character: There is no ¿ in font cmr12!

<fig/orig.png, id=21, 31.42174pt x 31.42174pt>
File: fig/orig.png Graphic file (type png)
 <use fig/orig.png>
Package pdftex.def Info: fig/orig.png used on input line 13.
(pdftex.def)             Requested size: 47.13246pt x 47.13246pt.

<fig/edge.png, id=22, 31.42174pt x 31.42174pt>
File: fig/edge.png Graphic file (type png)
 <use fig/edge.png>
Package pdftex.def Info: fig/edge.png used on input line 15.
(pdftex.def)             Requested size: 47.13246pt x 47.13246pt.

<fig/blur.png, id=23, 31.42174pt x 31.42174pt>
File: fig/blur.png Graphic file (type png)
 <use fig/blur.png>
Package pdftex.def Info: fig/blur.png used on input line 17.
(pdftex.def)             Requested size: 47.13246pt x 47.13246pt.

<fig/proces.jpg, id=24, 307.1475pt x 291.33844pt>
File: fig/proces.jpg Graphic file (type jpg)
 <use fig/proces.jpg>
Package pdftex.def Info: fig/proces.jpg used on input line 26.
(pdftex.def)             Requested size: 184.28992pt x 174.8044pt.
 [4 <D:/LaTex Files/TSP/fig/orig.png> <D:/LaTex Files/TSP/fig/edge.png> <D:/LaT
ex Files/TSP/fig/blur.png>] <fig/gray.png, id=30, 100.375pt x 100.375pt>
File: fig/gray.png Graphic file (type png)

<use fig/gray.png>
Package pdftex.def Info: fig/gray.png used on input line 42.
(pdftex.def)             Requested size: 50.18736pt x 50.18736pt.
 <fig/v1.png, id=31, 100.375pt x 100.375pt>
File: fig/v1.png Graphic file (type png)
 <use fig/v1.png>
Package pdftex.def Info: fig/v1.png used on input line 42.
(pdftex.def)             Requested size: 50.18736pt x 50.18736pt.

<fig/v2.png, id=32, 100.375pt x 100.375pt>
File: fig/v2.png Graphic file (type png)
 <use fig/v2.png>
Package pdftex.def Info: fig/v2.png used on input line 43.
(pdftex.def)             Requested size: 50.18736pt x 50.18736pt.

<fig/v4.png, id=33, 100.375pt x 100.375pt>
File: fig/v4.png Graphic file (type png)
 <use fig/v4.png>
Package pdftex.def Info: fig/v4.png used on input line 43.
(pdftex.def)             Requested size: 50.18736pt x 50.18736pt.
 [5 <D:/LaTex Files/TSP/fig/proces.jpg>] [6 <D:/LaTex Files/TSP/fig/gray.png (P
NG copy)> <D:/LaTex Files/TSP/fig/v1.png (PNG copy)> <D:/LaTex Files/TSP/fig/v2
.png (PNG copy)> <D:/LaTex Files/TSP/fig/v4.png (PNG copy)>]) [7]
("D:\LaTex Files\TSP\deeplearning.tex"
Missing character: There is no ï in font cmr12!
Missing character: There is no » in font cmr12!
Missing character: There is no ¿ in font cmr12!

<fig/dbn.png, id=46, 622.325pt x 301.125pt>
File: fig/dbn.png Graphic file (type png)
 <use fig/dbn.png>
Package pdftex.def Info: fig/dbn.png used on input line 3.
(pdftex.def)             Requested size: 311.16173pt x 150.56212pt.
Missing character: There is no ; in font nullfont!
Missing character: There is no ; in font nullfont!
Missing character: There is no ; in font nullfont!
Missing character: There is no ; in font nullfont!


LaTeX Warning: `h' float specifier changed to `ht'.

<fig/deeplearning.pdf, id=48, 795.72281pt x 615.0478pt>
File: fig/deeplearning.pdf Graphic file (type pdf)

<use fig/deeplearning.pdf>
Package pdftex.def Info: fig/deeplearning.pdf used on input line 74.
(pdftex.def)             Requested size: 397.86043pt x 307.52315pt.
 [8 <D:/LaTex Files/TSP/fig/dbn.png>] [9 <D:/LaTex Files/TSP/fig/deeplearning.p
df>] [10]) [11] ("D:\LaTex Files\TSP\kmeans.tex"
Missing character: There is no ï in font cmr12!
Missing character: There is no » in font cmr12!
Missing character: There is no ¿ in font cmr12!

<fig/MNST.png, id=83, 223.58531pt x 222.8325pt>
File: fig/MNST.png Graphic file (type png)
 <use fig/MNST.png>
Package pdftex.def Info: fig/MNST.png used on input line 14.
(pdftex.def)             Requested size: 223.58475pt x 222.83195pt.
 [12]
<fig/patch_location.png, id=87, 298.86656pt x 399.74344pt>
File: fig/patch_location.png Graphic file (type png)

<use fig/patch_location.png>
Package pdftex.def Info: fig/patch_location.png used on input line 30.
(pdftex.def)             Requested size: 149.4329pt x 199.87122pt.

<fig/patch1.png, id=88, 167.12437pt x 165.61874pt>
File: fig/patch1.png Graphic file (type png)
 <use fig/patch1.png>
Package pdftex.def Info: fig/patch1.png used on input line 39.
(pdftex.def)             Requested size: 133.69966pt x 132.49516pt.

<fig/c1.png, id=89, 449.42906pt x 447.92343pt>
File: fig/c1.png Graphic file (type png)
 <use fig/c1.png>
Package pdftex.def Info: fig/c1.png used on input line 43.
(pdftex.def)             Requested size: 224.71397pt x 223.96117pt.

<fig/sparsecoding.png, id=90, 503.63156pt x 181.42781pt>
File: fig/sparsecoding.png Graphic file (type png)

<use fig/sparsecoding.png>
Package pdftex.def Info: fig/sparsecoding.png used on input line 53.
(pdftex.def)             Requested size: 377.72273pt x 136.07053pt.

<fig/patchcombine.png, id=91, 446.41782pt x 103.13531pt>
File: fig/patchcombine.png Graphic file (type png)

<use fig/patchcombine.png>
Package pdftex.def Info: fig/patchcombine.png used on input line 59.
(pdftex.def)             Requested size: 334.81253pt x 77.35127pt.
 [13 <D:/LaTex Files/TSP/fig/MNST.png>]

LaTeX Warning: `h' float specifier changed to `ht'.


LaTeX Warning: `h' float specifier changed to `ht'.

[14 <D:/LaTex Files/TSP/fig/patch_location.png>]
Underfull \hbox (badness 1622) in paragraph at lines 91--92
\OML/cmm/m/it/12 i[]$ \OT1/cmr/m/n/12 nor $\OML/cmm/m/it/12 j[]$ \OT1/cmr/m/n/1
2 fea-ture (True
 []

[15 <D:/LaTex Files/TSP/fig/patch1.png> <D:/LaTex Files/TSP/fig/c1.png>]
<fig/combine2.png, id=104, 704.6325pt x 180.675pt>
File: fig/combine2.png Graphic file (type png)
 <use fig/combine2.png>
Package pdftex.def Info: fig/combine2.png used on input line 100.
(pdftex.def)             Requested size: 352.3154pt x 90.33727pt.

<fig/combine.png, id=105, 704.6325pt x 180.675pt>
File: fig/combine.png Graphic file (type png)
 <use fig/combine.png>
Package pdftex.def Info: fig/combine.png used on input line 101.
(pdftex.def)             Requested size: 352.3154pt x 90.33727pt.


LaTeX Warning: `h' float specifier changed to `ht'.

[16 <D:/LaTex Files/TSP/fig/sparsecoding.png> <D:/LaTex Files/TSP/fig/patchcomb
ine.png>] <fig/cluster_cmp1.png, id=109, 568.37344pt x 341.02406pt>
File: fig/cluster_cmp1.png Graphic file (type png)

<use fig/cluster_cmp1.png>
Package pdftex.def Info: fig/cluster_cmp1.png used on input line 112.
(pdftex.def)             Requested size: 284.18602pt x 170.51161pt.

<fig/cluster_cmp2.png, id=110, 568.37344pt x 341.02406pt>
File: fig/cluster_cmp2.png Graphic file (type png)

<use fig/cluster_cmp2.png>
Package pdftex.def Info: fig/cluster_cmp2.png used on input line 114.
(pdftex.def)             Requested size: 284.18602pt x 170.51161pt.
 [17 <D:/LaTex Files/TSP/fig/combine2.png> <D:/LaTex Files/TSP/fig/combine.png>
] [18 <D:/LaTex Files/TSP/fig/cluster_cmp1.png> <D:/LaTex Files/TSP/fig/cluster
_cmp2.png>]
Missing character: There is no â in font cmr12!
Missing character: There is no € in font cmr12!
Missing character: There is no “ in font cmr12!

Overfull \hbox (7.20374pt too wide) in paragraph at lines 129--130
[]\OT1/cmr/m/n/12 Even though, there are many ma-ture tech-niques for clus-ter 
anal-y-sis (like Davies-Bouldin index[[]],
 []

<fig/100_unsup.png, id=118, 312.41719pt x 271.76532pt>
File: fig/100_unsup.png Graphic file (type png)
 <use fig/100_unsup.png>
Package pdftex.def Info: fig/100_unsup.png used on input line 136.
(pdftex.def)             Requested size: 156.2082pt x 135.88232pt.

[19] <fig/sign.png, id=123, 421.575pt x 316.18124pt>
File: fig/sign.png Graphic file (type png)
 <use fig/sign.png>
Package pdftex.def Info: fig/sign.png used on input line 144.
(pdftex.def)             Requested size: 316.18047pt x 237.13535pt.

[20 <D:/LaTex Files/TSP/fig/100_unsup.png> <D:/LaTex Files/TSP/fig/sign.png>]
[21] [22] <fig/RBM_encoder.png, id=133, 685.05937pt x 347.04657pt>
File: fig/RBM_encoder.png Graphic file (type png)

<use fig/RBM_encoder.png>
Package pdftex.def Info: fig/RBM_encoder.png used on input line 188.
(pdftex.def)             Requested size: 342.52884pt x 173.52286pt.
) [23 <D:/LaTex Files/TSP/fig/RBM_encoder.png>]
[24] ("D:\LaTex Files\TSP\conclusion.tex"
Missing character: There is no ï in font cmr12!
Missing character: There is no » in font cmr12!
Missing character: There is no ¿ in font cmr12!
 [25]) [26]
("D:\LaTex Files\TSP\proposal.bbl" [27] [28] [29] [30]) [31]
("D:\LaTex Files\TSP\proposal.aux") ) 
Here is how much of TeX's memory you used:
 12883 strings out of 493921
 231799 string characters out of 3152883
 281748 words of memory out of 3000000
 15865 multiletter control sequences out of 15000+200000
 11857 words of font info for 47 fonts, out of 3000000 for 9000
 841 hyphenation exceptions out of 8191
 56i,17n,68p,2635b,724s stack positions out of 5000i,500n,10000p,200000b,50000s
<D:/MiKTeX 2.9/fonts/type1/public/amsfonts
/cm/cmbx10.pfb><D:/MiKTeX 2.9/fonts/type1/public/amsfonts/cm/cmbx12.pfb><D:/MiK
TeX 2.9/fonts/type1/public/amsfonts/cm/cmex10.pfb><D:/MiKTeX 2.9/fonts/type1/pu
blic/amsfonts/cm/cmmi10.pfb><D:/MiKTeX 2.9/fonts/type1/public/amsfonts/cm/cmmi1
2.pfb><D:/MiKTeX 2.9/fonts/type1/public/amsfonts/cm/cmmi6.pfb><D:/MiKTeX 2.9/fo
nts/type1/public/amsfonts/cm/cmmi8.pfb><D:/MiKTeX 2.9/fonts/type1/public/amsfon
ts/cm/cmr10.pfb><D:/MiKTeX 2.9/fonts/type1/public/amsfonts/cm/cmr12.pfb><D:/MiK
TeX 2.9/fonts/type1/public/amsfonts/cm/cmr6.pfb><D:/MiKTeX 2.9/fonts/type1/publ
ic/amsfonts/cm/cmr8.pfb><D:/MiKTeX 2.9/fonts/type1/public/amsfonts/cm/cmsy10.pf
b><D:/MiKTeX 2.9/fonts/type1/public/amsfonts/cm/cmsy8.pfb><D:/MiKTeX 2.9/fonts/
type1/public/amsfonts/cm/cmti12.pfb>
Output written on proposal.pdf (31 pages, 927919 bytes).
PDF statistics:
 207 PDF objects out of 1000 (max. 8388607)
 0 named destinations out of 1000 (max. 500000)
 133 words of extra memory for PDF output out of 10000 (max. 10000000)

